  [1m[36mSQL (0.4ms)[0m  [1mSHOW TABLES[0m
  [1m[35mSQL (153.2ms)[0m  CREATE TABLE `schema_migrations` (`version` varchar(255) NOT NULL) ENGINE=InnoDB
  [1m[36mSQL (0.8ms)[0m  [1mSHOW KEYS FROM `schema_migrations`[0m
  [1m[35mSQL (208.5ms)[0m  CREATE UNIQUE INDEX `unique_schema_migrations` ON `schema_migrations` (`version`)
  [1m[36mSQL (1.0ms)[0m  [1mSHOW TABLES[0m
  [1m[35mSQL (0.6ms)[0m  SHOW TABLES
  [1m[36mSQL (0.5ms)[0m  [1mSELECT `schema_migrations`.`version` FROM `schema_migrations`[0m
Migrating to CreateCategories (20101026205403)
  [1m[35mSQL (149.1ms)[0m  CREATE TABLE `categories` (`id` int(11) DEFAULT NULL auto_increment PRIMARY KEY, `category` varchar(255), `description` text, `created_at` datetime, `updated_at` datetime) ENGINE=InnoDB
  [1m[36mSQL (1.8ms)[0m  [1mdescribe `schema_migrations`[0m
  [1m[35mSQL (86.3ms)[0m  INSERT INTO `schema_migrations` (`version`) VALUES ('20101026205403')
  [1m[36mSQL (0.8ms)[0m  [1mSHOW TABLES[0m
  [1m[35mSQL (0.9ms)[0m  SELECT `schema_migrations`.`version` FROM `schema_migrations`
  [1m[36mSQL (1.3ms)[0m  [1mSHOW TABLES[0m
  [1m[35mSQL (2.8ms)[0m  describe `categories`
  [1m[36mSQL (1.0ms)[0m  [1mSHOW KEYS FROM `categories`[0m


Started GET "/category" for 127.0.0.1 at Tue Oct 26 18:57:18 -0200 2010

ActionController::RoutingError (No route matches "/category"):
  

Rendered /usr/lib/ruby/gems/1.8/gems/actionpack-3.0.1/lib/action_dispatch/middleware/templates/rescues/routing_error.erb within rescues/layout (1.6ms)


Started GET "/categories" for 127.0.0.1 at Tue Oct 26 18:57:22 -0200 2010
  Processing by CategoriesController#index as HTML
  [1m[36mSQL (0.7ms)[0m  [1mSHOW TABLES[0m
  [1m[35mCategory Load (0.6ms)[0m  SELECT `categories`.* FROM `categories`
Rendered categories/index.html.erb within layouts/application (6.6ms)
Completed 200 OK in 195ms (Views: 15.4ms | ActiveRecord: 1.2ms)


Started GET "/categories/new" for 127.0.0.1 at Tue Oct 26 18:57:24 -0200 2010
  Processing by CategoriesController#new as HTML
Rendered categories/_form.html.erb (79.1ms)
Rendered categories/new.html.erb within layouts/application (86.4ms)
Completed 200 OK in 105ms (Views: 94.2ms | ActiveRecord: 0.0ms)


Started POST "/categories" for 127.0.0.1 at Tue Oct 26 18:57:36 -0200 2010
  Processing by CategoriesController#create as HTML
  Parameters: {"commit"=>"Create Category", "category"=>{"category"=>"Aniversário", "description"=>"Categoria de aniversário"}, "authenticity_token"=>"ggXT3J2pH3x3evwYNy5bg/a4JsN4aN11skAJ6CBUn58=", "utf8"=>"✓"}
  [1m[36mSQL (0.2ms)[0m  [1mBEGIN[0m
  [1m[35mSQL (1.3ms)[0m  describe `categories`
  [1m[36mSQL (0.6ms)[0m  [1mINSERT INTO `categories` (`category`, `created_at`, `description`, `updated_at`) VALUES ('Aniversário', '2010-10-26 20:57:37', 'Categoria de aniversário', '2010-10-26 20:57:37')[0m
  [1m[35mSQL (69.0ms)[0m  COMMIT
Redirected to http://localhost:3000/categories/1
Completed 302 Found in 115ms


Started GET "/categories/1" for 127.0.0.1 at Tue Oct 26 18:57:37 -0200 2010
  Processing by CategoriesController#show as HTML
  Parameters: {"id"=>"1"}
  [1m[36mCategory Load (0.7ms)[0m  [1mSELECT `categories`.* FROM `categories` WHERE (`categories`.`id` = 1) LIMIT 1[0m
Rendered categories/show.html.erb within layouts/application (16.3ms)
Completed 200 OK in 44ms (Views: 24.9ms | ActiveRecord: 0.7ms)


Started GET "/categories" for 127.0.0.1 at Tue Oct 26 18:57:40 -0200 2010
  Processing by CategoriesController#index as HTML
  [1m[35mCategory Load (0.9ms)[0m  SELECT `categories`.* FROM `categories`
Rendered categories/index.html.erb within layouts/application (15.7ms)
Completed 200 OK in 38ms (Views: 25.6ms | ActiveRecord: 0.9ms)
